mode: set
github.com/SanthoshCheemala/Crypto/kdf/hkdf/hkdf.go:12.42,13.17 1 1
github.com/SanthoshCheemala/Crypto/kdf/hkdf/hkdf.go:13.17,15.3 1 1
github.com/SanthoshCheemala/Crypto/kdf/hkdf/hkdf.go:16.2,16.37 1 1
github.com/SanthoshCheemala/Crypto/kdf/hkdf/hkdf.go:20.63,23.2 2 1
github.com/SanthoshCheemala/Crypto/kdf/hkdf/hkdf.go:25.66,27.26 1 1
github.com/SanthoshCheemala/Crypto/kdf/hkdf/hkdf.go:27.26,29.3 1 1
github.com/SanthoshCheemala/Crypto/kdf/hkdf/hkdf.go:31.2,35.24 4 1
github.com/SanthoshCheemala/Crypto/kdf/hkdf/hkdf.go:35.24,44.3 8 1
github.com/SanthoshCheemala/Crypto/kdf/hkdf/hkdf.go:45.2,45.26 1 1
